[2026-03-10 06:23:06] local.ERROR: SQLSTATE[42S02]: Base table or view not found: 1146 Table 'pwl20252.sessions' doesn't exist (Connection: mysql, Host: 127.0.0.1, Port: 3306, Database: pwl20252, SQL: select * from `sessions` where `id` = L9EwpRJebd9GryU6nwKJ6SBkDTxrqkqEFw7ZqA6D limit 1) {"exception":"[object] (Illuminate\\Database\\QueryException(code: 42S02): SQLSTATE[42S02]: Base table or view not found: 1146 Table 'pwl20252.sessions' doesn't exist (Connection: mysql, Host: 127.0.0.1, Port: 3306, Database: pwl20252, SQL: select * from `sessions` where `id` = L9EwpRJebd9GryU6nwKJ6SBkDTxrqkqEFw7ZqA6D limit 1) at C:/Users/Dominic/Documents/Kuliah/Semester 4/Pemrograman Web Lanjut/pertemuan03/demo-pwl-a/vendor/laravel/framework/src/Illuminate/Database/Connection.php:838)
[stacktrace]
#0 C:/Users/Dominic/Documents/Kuliah/Semester 4/Pemrograman Web Lanjut/pertemuan03/demo-pwl-a/vendor/laravel/framework/src/Illuminate/Database/Connection.php(794): Illuminate/Database/Connection->runQueryCallback('select * from `...', Array, Object(Closure))
#1 C:/Users/Dominic/Documents/Kuliah/Semester 4/Pemrograman Web Lanjut/pertemuan03/demo-pwl-a/vendor/laravel/framework/src/Illuminate/Database/Connection.php(411): Illuminate/Database/Connection->run('select * from `...', Array, Object(Closure))
#2 C:/Users/Dominic/Documents/Kuliah/Semester 4/Pemrograman Web Lanjut/pertemuan03/demo-pwl-a/vendor/laravel/framework/src/Illuminate/Database/Query/Builder.php(3438): Illuminate/Database/Connection->select('select * from `...', Array, false)
#3 C:/Users/Dominic/Documents/Kuliah/Semester 4/Pemrograman Web Lanjut/pertemuan03/demo-pwl-a/vendor/laravel/framework/src/Illuminate/Database/Query/Builder.php(3423): Illuminate/Database/Query/Builder->runSelect()
#4 C:/Users/Dominic/Documents/Kuliah/Semester 4/Pemrograman Web Lanjut/pertemuan03/demo-pwl-a/vendor/laravel/framework/src/Illuminate/Database/Query/Builder.php(4013): Illuminate/Database/Query/Builder->Illuminate/Database/Query/{closure}()
#5 C:/Users/Dominic/Documents/Kuliah/Semester 4/Pemrograman Web Lanjut/pertemuan03/demo-pwl-a/vendor/laravel/framework/src/Illuminate/Database/Query/Builder.php(3422): Illuminate/Database/Query/Builder->onceWithColumns(Array, Object(Closure))
#6 C:/Users/Dominic/Documents/Kuliah/Semester 4/Pemrograman Web Lanjut/pertemuan03/demo-pwl-a/vendor/laravel/framework/src/Illuminate/Database/Concerns/BuildsQueries.php(366): Illuminate/Database/Query/Builder->get(Array)
#7 C:/Users/Dominic/Documents/Kuliah/Semester 4/Pemrograman Web Lanjut/pertemuan03/demo-pwl-a/vendor/laravel/framework/src/Illuminate/Database/Query/Builder.php(3345): Illuminate/Database/Query/Builder->first(Array)
#8 C:/Users/Dominic/Documents/Kuliah/Semester 4/Pemrograman Web Lanjut/pertemuan03/demo-pwl-a/vendor/laravel/framework/src/Illuminate/Session/DatabaseSessionHandler.php(96): Illuminate/Database/Query/Builder->find('L9EwpRJebd9GryU...')
#9 C:/Users/Dominic/Documents/Kuliah/Semester 4/Pemrograman Web Lanjut/pertemuan03/demo-pwl-a/vendor/laravel/framework/src/Illuminate/Session/Store.php(128): Illuminate/Session/DatabaseSessionHandler->read('L9EwpRJebd9GryU...')
#10 C:/Users/Dominic/Documents/Kuliah/Semester 4/Pemrograman Web Lanjut/pertemuan03/demo-pwl-a/vendor/laravel/framework/src/Illuminate/Session/Store.php(116): Illuminate/Session/Store->readFromHandler()
#11 C:/Users/Dominic/Documents/Kuliah/Semester 4/Pemrograman Web Lanjut/pertemuan03/demo-pwl-a/vendor/laravel/framework/src/Illuminate/Session/Store.php(100): Illuminate/Session/Store->loadSession()
#12 C:/Users/Dominic/Documents/Kuliah/Semester 4/Pemrograman Web Lanjut/pertemuan03/demo-pwl-a/vendor/laravel/framework/src/Illuminate/Session/Middleware/StartSession.php(146): Illuminate/Session/Store->start()
#13 C:/Users/Dominic/Documents/Kuliah/Semester 4/Pemrograman Web Lanjut/pertemuan03/demo-pwl-a/vendor/laravel/framework/src/Illuminate/Support/helpers.php(388): Illuminate/Session/Middleware/StartSession->Illuminate/Session/Middleware/{closure}(Object(Illuminate/Session/Store))
#14 C:/Users/Dominic/Documents/Kuliah/Semester 4/Pemrograman Web Lanjut/pertemuan03/demo-pwl-a/vendor/laravel/framework/src/Illuminate/Session/Middleware/StartSession.php(143): tap(Object(Illuminate/Session/Store), Object(Closure))
#15 C:/Users/Dominic/Documents/Kuliah/Semester 4/Pemrograman Web Lanjut/pertemuan03/demo-pwl-a/vendor/laravel/framework/src/Illuminate/Session/Middleware/StartSession.php(115): Illuminate/Session/Middleware/StartSession->startSession(Object(Illuminate/Http/Request), Object(Illuminate/Session/Store))
#16 C:/Users/Dominic/Documents/Kuliah/Semester 4/Pemrograman Web Lanjut/pertemuan03/demo-pwl-a/vendor/laravel/framework/src/Illuminate/Session/Middleware/StartSession.php(63): Illuminate/Session/Middleware/StartSession->handleStatefulRequest(Object(Illuminate/Http/Request), Object(Illuminate/Session/Store), Object(Closure))
#17 C:/Users/Dominic/Documents/Kuliah/Semester 4/Pemrograman Web Lanjut/pertemuan03/demo-pwl-a/vendor/laravel/framework/src/Illuminate/Pipeline/Pipeline.php(219): Illuminate/Session/Middleware/StartSession->handle(Object(Illuminate/Http/Request), Object(Closure))
#18 C:/Users/Dominic/Documents/Kuliah/Semester 4/Pemrograman Web Lanjut/pertemuan03/demo-pwl-a/vendor/laravel/framework/src/Illuminate/Cookie/Middleware/AddQueuedCookiesToResponse.php(36): Illuminate/Pipeline/Pipeline->Illuminate/Pipeline/{closure}(Object(Illuminate/Http/Request))
#19 C:/Users/Dominic/Documents/Kuliah/Semester 4/Pemrograman Web Lanjut/pertemuan03/demo-pwl-a/vendor/laravel/framework/src/Illuminate/Pipeline/Pipeline.php(219): Illuminate/Cookie/Middleware/AddQueuedCookiesToResponse->handle(Object(Illuminate/Http/Request), Object(Closure))
#20 C:/Users/Dominic/Documents/Kuliah/Semester 4/Pemrograman Web Lanjut/pertemuan03/demo-pwl-a/vendor/laravel/framework/src/Illuminate/Cookie/Middleware/EncryptCookies.php(74): Illuminate/Pipeline/Pipeline->Illuminate/Pipeline/{closure}(Object(Illuminate/Http/Request))
#21 C:/Users/Dominic/Documents/Kuliah/Semester 4/Pemrograman Web Lanjut/pertemuan03/demo-pwl-a/vendor/laravel/framework/src/Illuminate/Pipeline/Pipeline.php(219): Illuminate/Cookie/Middleware/EncryptCookies->handle(Object(Illuminate/Http/Request), Object(Closure))
#22 C:/Users/Dominic/Documents/Kuliah/Semester 4/Pemrograman Web Lanjut/pertemuan03/demo-pwl-a/vendor/laravel/framework/src/Illuminate/Pipeline/Pipeline.php(137): Illuminate/Pipeline/Pipeline->Illuminate/Pipeline/{closure}(Object(Illuminate/Http/Request))
#23 C:/Users/Dominic/Documents/Kuliah/Semester 4/Pemrograman Web Lanjut/pertemuan03/demo-pwl-a/vendor/laravel/framework/src/Illuminate/Routing/Router.php(821): Illuminate/Pipeline/Pipeline->then(Object(Closure))
#24 C:/Users/Dominic/Documents/Kuliah/Semester 4/Pemrograman Web Lanjut/pertemuan03/demo-pwl-a/vendor/laravel/framework/src/Illuminate/Routing/Router.php(800): Illuminate/Routing/Router->runRouteWithinStack(Object(Illuminate/Routing/Route), Object(Illuminate/Http/Request))
#25 C:/Users/Dominic/Documents/Kuliah/Semester 4/Pemrograman Web Lanjut/pertemuan03/demo-pwl-a/vendor/laravel/framework/src/Illuminate/Routing/Router.php(764): Illuminate/Routing/Router->runRoute(Object(Illuminate/Http/Request), Object(Illuminate/Routing/Route))
#26 C:/Users/Dominic/Documents/Kuliah/Semester 4/Pemrograman Web Lanjut/pertemuan03/demo-pwl-a/vendor/laravel/framework/src/Illuminate/Routing/Router.php(753): Illuminate/Routing/Router->dispatchToRoute(Object(Illuminate/Http/Request))
#27 C:/Users/Dominic/Documents/Kuliah/Semester 4/Pemrograman Web Lanjut/pertemuan03/demo-pwl-a/vendor/laravel/framework/src/Illuminate/Foundation/Http/Kernel.php(200): Illuminate/Routing/Router->dispatch(Object(Illuminate/Http/Request))
#28 C:/Users/Dominic/Documents/Kuliah/Semester 4/Pemrograman Web Lanjut/pertemuan03/demo-pwl-a/vendor/laravel/framework/src/Illuminate/Pipeline/Pipeline.php(180): Illuminate/Foundation/Http/Kernel->Illuminate/Foundation/Http/{closure}(Object(Illuminate/Http/Request))
#29 C:/Users/Dominic/Documents/Kuliah/Semester 4/Pemrograman Web Lanjut/pertemuan03/demo-pwl-a/vendor/laravel/framework/src/Illuminate/Foundation/Http/Middleware/TransformsRequest.php(21): Illuminate/Pipeline/Pipeline->Illuminate/Pipeline/{closure}(Object(Illuminate/Http/Request))
#30 C:/Users/Dominic/Documents/Kuliah/Semester 4/Pemrograman Web Lanjut/pertemuan03/demo-pwl-a/vendor/laravel/framework/src/Illuminate/Foundation/Http/Middleware/ConvertEmptyStringsToNull.php(31): Illuminate/Foundation/Http/Middleware/TransformsRequest->handle(Object(Illuminate/Http/Request), Object(Closure))
#31 C:/Users/Dominic/Documents/Kuliah/Semester 4/Pemrograman Web Lanjut/pertemuan03/demo-pwl-a/vendor/laravel/framework/src/Illuminate/Pipeline/Pipeline.php(219): Illuminate/Foundation/Http/Middleware/ConvertEmptyStringsToNull->handle(Object(Illuminate/Http/Request), Object(Closure))
#32 C:/Users/Dominic/Documents/Kuliah/Semester 4/Pemrograman Web Lanjut/pertemuan03/demo-pwl-a/vendor/laravel/framework/src/Illuminate/Foundation/Http/Middleware/TransformsRequest.php(21): Illuminate/Pipeline/Pipeline->Illuminate/Pipeline/{closure}(Object(Illuminate/Http/Request))
#33 C:/Users/Dominic/Documents/Kuliah/Semester 4/Pemrograman Web Lanjut/pertemuan03/demo-pwl-a/vendor/laravel/framework/src/Illuminate/Foundation/Http/Middleware/TrimStrings.php(51): Illuminate/Foundation/Http/Middleware/TransformsRequest->handle(Object(Illuminate/Http/Request), Object(Closure))
#34 C:/Users/Dominic/Documents/Kuliah/Semester 4/Pemrograman Web Lanjut/pertemuan03/demo-pwl-a/vendor/laravel/framework/src/Illuminate/Pipeline/Pipeline.php(219): Illuminate/Foundation/Http/Middleware/TrimStrings->handle(Object(Illuminate/Http/Request), Object(Closure))
#35 C:/Users/Dominic/Documents/Kuliah/Semester 4/Pemrograman Web Lanjut/pertemuan03/demo-pwl-a/vendor/laravel/framework/src/Illuminate/Http/Middleware/ValidatePostSize.php(27): Illuminate/Pipeline/Pipeline->Illuminate/Pipeline/{closure}(Object(Illuminate/Http/Request))
#36 C:/Users/Dominic/Documents/Kuliah/Semester 4/Pemrograman Web Lanjut/pertemuan03/demo-pwl-a/vendor/laravel/framework/src/Illuminate/Pipeline/Pipeline.php(219): Illuminate/Http/Middleware/ValidatePostSize->handle(Object(Illuminate/Http/Request), Object(Closure))
#37 C:/Users/Dominic/Documents/Kuliah/Semester 4/Pemrograman Web Lanjut/pertemuan03/demo-pwl-a/vendor/laravel/framework/src/Illuminate/Foundation/Http/Middleware/PreventRequestsDuringMaintenance.php(109): Illuminate/Pipeline/Pipeline->Illuminate/Pipeline/{closure}(Object(Illuminate/Http/Request))
#38 C:/Users/Dominic/Documents/Kuliah/Semester 4/Pemrograman Web Lanjut/pertemuan03/demo-pwl-a/vendor/laravel/framework/src/Illuminate/Pipeline/Pipeline.php(219): Illuminate/Foundation/Http/Middleware/PreventRequestsDuringMaintenance->handle(Object(Illuminate/Http/Request), Object(Closure))
#39 C:/Users/Dominic/Documents/Kuliah/Semester 4/Pemrograman Web Lanjut/pertemuan03/demo-pwl-a/vendor/laravel/framework/src/Illuminate/Http/Middleware/HandleCors.php(61): Illuminate/Pipeline/Pipeline->Illuminate/Pipeline/{closure}(Object(Illuminate/Http/Request))
#40 C:/Users/Dominic/Documents/Kuliah/Semester 4/Pemrograman Web Lanjut/pertemuan03/demo-pwl-a/vendor/laravel/framework/src/Illuminate/Pipeline/Pipeline.php(219): Illuminate/Http/Middleware/HandleCors->handle(Object(Illuminate/Http/Request), Object(Closure))
#41 C:/Users/Dominic/Documents/Kuliah/Semester 4/Pemrograman Web Lanjut/pertemuan03/demo-pwl-a/vendor/laravel/framework/src/Illuminate/Http/Middleware/TrustProxies.php(58): Illuminate/Pipeline/Pipeline->Illuminate/Pipeline/{closure}(Object(Illuminate/Http/Request))
#42 C:/Users/Dominic/Documents/Kuliah/Semester 4/Pemrograman Web Lanjut/pertemuan03/demo-pwl-a/vendor/laravel/framework/src/Illuminate/Pipeline/Pipeline.php(219): Illuminate/Http/Middleware/TrustProxies->handle(Object(Illuminate/Http/Request), Object(Closure))
#43 C:/Users/Dominic/Documents/Kuliah/Semester 4/Pemrograman Web Lanjut/pertemuan03/demo-pwl-a/vendor/laravel/framework/src/Illuminate/Foundation/Http/Middleware/InvokeDeferredCallbacks.php(22): Illuminate/Pipeline/Pipeline->Illuminate/Pipeline/{closure}(Object(Illuminate/Http/Request))
#44 C:/Users/Dominic/Documents/Kuliah/Semester 4/Pemrograman Web Lanjut/pertemuan03/demo-pwl-a/vendor/laravel/framework/src/Illuminate/Pipeline/Pipeline.php(219): Illuminate/Foundation/Http/Middleware/InvokeDeferredCallbacks->handle(Object(Illuminate/Http/Request), Object(Closure))
#45 C:/Users/Dominic/Documents/Kuliah/Semester 4/Pemrograman Web Lanjut/pertemuan03/demo-pwl-a/vendor/laravel/framework/src/Illuminate/Http/Middleware/ValidatePathEncoding.php(26): Illuminate/Pipeline/Pipeline->Illuminate/Pipeline/{closure}(Object(Illuminate/Http/Request))
#46 C:/Users/Dominic/Documents/Kuliah/Semester 4/Pemrograman Web Lanjut/pertemuan03/demo-pwl-a/vendor/laravel/framework/src/Illuminate/Pipeline/Pipeline.php(219): Illuminate/Http/Middleware/ValidatePathEncoding->handle(Object(Illuminate/Http/Request), Object(Closure))
#47 C:/Users/Dominic/Documents/Kuliah/Semester 4/Pemrograman Web Lanjut/pertemuan03/demo-pwl-a/vendor/laravel/framework/src/Illuminate/Pipeline/Pipeline.php(137): Illuminate/Pipeline/Pipeline->Illuminate/Pipeline/{closure}(Object(Illuminate/Http/Request))
#48 C:/Users/Dominic/Documents/Kuliah/Semester 4/Pemrograman Web Lanjut/pertemuan03/demo-pwl-a/vendor/laravel/framework/src/Illuminate/Foundation/Http/Kernel.php(175): Illuminate/Pipeline/Pipeline->then(Object(Closure))
#49 C:/Users/Dominic/Documents/Kuliah/Semester 4/Pemrograman Web Lanjut/pertemuan03/demo-pwl-a/vendor/laravel/framework/src/Illuminate/Foundation/Http/Kernel.php(144): Illuminate/Foundation/Http/Kernel->sendRequestThroughRouter(Object(Illuminate/Http/Request))
#50 C:/Users/Dominic/Documents/Kuliah/Semester 4/Pemrograman Web Lanjut/pertemuan03/demo-pwl-a/vendor/laravel/framework/src/Illuminate/Foundation/Application.php(1220): Illuminate/Foundation/Http/Kernel->handle(Object(Illuminate/Http/Request))
#51 C:/Users/Dominic/Documents/Kuliah/Semester 4/Pemrograman Web Lanjut/pertemuan03/demo-pwl-a/public/index.php(20): Illuminate/Foundation/Application->handleRequest(Object(Illuminate/Http/Request))
#52 C:/Users/Dominic/Documents/Kuliah/Semester 4/Pemrograman Web Lanjut/pertemuan03/demo-pwl-a/vendor/laravel/framework/src/Illuminate/Foundation/resources/server.php(23): require_once('C://Users//Domini...')
#53 {main}

[previous exception] [object] (PDOException(code: 42S02): SQLSTATE[42S02]: Base table or view not found: 1146 Table 'pwl20252.sessions' doesn't exist at C:/Users/Dominic/Documents/Kuliah/Semester 4/Pemrograman Web Lanjut/pertemuan03/demo-pwl-a/vendor/laravel/framework/src/Illuminate/Database/Connection.php:420)
[stacktrace]
#0 C:/Users/Dominic/Documents/Kuliah/Semester 4/Pemrograman Web Lanjut/pertemuan03/demo-pwl-a/vendor/laravel/framework/src/Illuminate/Database/Connection.php(420): PDO->prepare('select * from `...')
#1 C:/Users/Dominic/Documents/Kuliah/Semester 4/Pemrograman Web Lanjut/pertemuan03/demo-pwl-a/vendor/laravel/framework/src/Illuminate/Database/Connection.php(827): Illuminate/Database/Connection->Illuminate/Database/{closure}('select * from `...', Array)
#2 C:/Users/Dominic/Documents/Kuliah/Semester 4/Pemrograman Web Lanjut/pertemuan03/demo-pwl-a/vendor/laravel/framework/src/Illuminate/Database/Connection.php(794): Illuminate/Database/Connection->runQueryCallback('select * from `...', Array, Object(Closure))
#3 C:/Users/Dominic/Documents/Kuliah/Semester 4/Pemrograman Web Lanjut/pertemuan03/demo-pwl-a/vendor/laravel/framework/src/Illuminate/Database/Connection.php(411): Illuminate/Database/Connection->run('select * from `...', Array, Object(Closure))
#4 C:/Users/Dominic/Documents/Kuliah/Semester 4/Pemrograman Web Lanjut/pertemuan03/demo-pwl-a/vendor/laravel/framework/src/Illuminate/Database/Query/Builder.php(3438): Illuminate/Database/Connection->select('select * from `...', Array, false)
#5 C:/Users/Dominic/Documents/Kuliah/Semester 4/Pemrograman Web Lanjut/pertemuan03/demo-pwl-a/vendor/laravel/framework/src/Illuminate/Database/Query/Builder.php(3423): Illuminate/Database/Query/Builder->runSelect()
#6 C:/Users/Dominic/Documents/Kuliah/Semester 4/Pemrograman Web Lanjut/pertemuan03/demo-pwl-a/vendor/laravel/framework/src/Illuminate/Database/Query/Builder.php(4013): Illuminate/Database/Query/Builder->Illuminate/Database/Query/{closure}()
#7 C:/Users/Dominic/Documents/Kuliah/Semester 4/Pemrograman Web Lanjut/pertemuan03/demo-pwl-a/vendor/laravel/framework/src/Illuminate/Database/Query/Builder.php(3422): Illuminate/Database/Query/Builder->onceWithColumns(Array, Object(Closure))
#8 C:/Users/Dominic/Documents/Kuliah/Semester 4/Pemrograman Web Lanjut/pertemuan03/demo-pwl-a/vendor/laravel/framework/src/Illuminate/Database/Concerns/BuildsQueries.php(366): Illuminate/Database/Query/Builder->get(Array)
#9 C:/Users/Dominic/Documents/Kuliah/Semester 4/Pemrograman Web Lanjut/pertemuan03/demo-pwl-a/vendor/laravel/framework/src/Illuminate/Database/Query/Builder.php(3345): Illuminate/Database/Query/Builder->first(Array)
#10 C:/Users/Dominic/Documents/Kuliah/Semester 4/Pemrograman Web Lanjut/pertemuan03/demo-pwl-a/vendor/laravel/framework/src/Illuminate/Session/DatabaseSessionHandler.php(96): Illuminate/Database/Query/Builder->find('L9EwpRJebd9GryU...')
#11 C:/Users/Dominic/Documents/Kuliah/Semester 4/Pemrograman Web Lanjut/pertemuan03/demo-pwl-a/vendor/laravel/framework/src/Illuminate/Session/Store.php(128): Illuminate/Session/DatabaseSessionHandler->read('L9EwpRJebd9GryU...')
#12 C:/Users/Dominic/Documents/Kuliah/Semester 4/Pemrograman Web Lanjut/pertemuan03/demo-pwl-a/vendor/laravel/framework/src/Illuminate/Session/Store.php(116): Illuminate/Session/Store->readFromHandler()
#13 C:/Users/Dominic/Documents/Kuliah/Semester 4/Pemrograman Web Lanjut/pertemuan03/demo-pwl-a/vendor/laravel/framework/src/Illuminate/Session/Store.php(100): Illuminate/Session/Store->loadSession()
#14 C:/Users/Dominic/Documents/Kuliah/Semester 4/Pemrograman Web Lanjut/pertemuan03/demo-pwl-a/vendor/laravel/framework/src/Illuminate/Session/Middleware/StartSession.php(146): Illuminate/Session/Store->start()
#15 C:/Users/Dominic/Documents/Kuliah/Semester 4/Pemrograman Web Lanjut/pertemuan03/demo-pwl-a/vendor/laravel/framework/src/Illuminate/Support/helpers.php(388): Illuminate/Session/Middleware/StartSession->Illuminate/Session/Middleware/{closure}(Object(Illuminate/Session/Store))
#16 C:/Users/Dominic/Documents/Kuliah/Semester 4/Pemrograman Web Lanjut/pertemuan03/demo-pwl-a/vendor/laravel/framework/src/Illuminate/Session/Middleware/StartSession.php(143): tap(Object(Illuminate/Session/Store), Object(Closure))
#17 C:/Users/Dominic/Documents/Kuliah/Semester 4/Pemrograman Web Lanjut/pertemuan03/demo-pwl-a/vendor/laravel/framework/src/Illuminate/Session/Middleware/StartSession.php(115): Illuminate/Session/Middleware/StartSession->startSession(Object(Illuminate/Http/Request), Object(Illuminate/Session/Store))
#18 C:/Users/Dominic/Documents/Kuliah/Semester 4/Pemrograman Web Lanjut/pertemuan03/demo-pwl-a/vendor/laravel/framework/src/Illuminate/Session/Middleware/StartSession.php(63): Illuminate/Session/Middleware/StartSession->handleStatefulRequest(Object(Illuminate/Http/Request), Object(Illuminate/Session/Store), Object(Closure))
#19 C:/Users/Dominic/Documents/Kuliah/Semester 4/Pemrograman Web Lanjut/pertemuan03/demo-pwl-a/vendor/laravel/framework/src/Illuminate/Pipeline/Pipeline.php(219): Illuminate/Session/Middleware/StartSession->handle(Object(Illuminate/Http/Request), Object(Closure))
#20 C:/Users/Dominic/Documents/Kuliah/Semester 4/Pemrograman Web Lanjut/pertemuan03/demo-pwl-a/vendor/laravel/framework/src/Illuminate/Cookie/Middleware/AddQueuedCookiesToResponse.php(36): Illuminate/Pipeline/Pipeline->Illuminate/Pipeline/{closure}(Object(Illuminate/Http/Request))
#21 C:/Users/Dominic/Documents/Kuliah/Semester 4/Pemrograman Web Lanjut/pertemuan03/demo-pwl-a/vendor/laravel/framework/src/Illuminate/Pipeline/Pipeline.php(219): Illuminate/Cookie/Middleware/AddQueuedCookiesToResponse->handle(Object(Illuminate/Http/Request), Object(Closure))
#22 C:/Users/Dominic/Documents/Kuliah/Semester 4/Pemrograman Web Lanjut/pertemuan03/demo-pwl-a/vendor/laravel/framework/src/Illuminate/Cookie/Middleware/EncryptCookies.php(74): Illuminate/Pipeline/Pipeline->Illuminate/Pipeline/{closure}(Object(Illuminate/Http/Request))
#23 C:/Users/Dominic/Documents/Kuliah/Semester 4/Pemrograman Web Lanjut/pertemuan03/demo-pwl-a/vendor/laravel/framework/src/Illuminate/Pipeline/Pipeline.php(219): Illuminate/Cookie/Middleware/EncryptCookies->handle(Object(Illuminate/Http/Request), Object(Closure))
#24 C:/Users/Dominic/Documents/Kuliah/Semester 4/Pemrograman Web Lanjut/pertemuan03/demo-pwl-a/vendor/laravel/framework/src/Illuminate/Pipeline/Pipeline.php(137): Illuminate/Pipeline/Pipeline->Illuminate/Pipeline/{closure}(Object(Illuminate/Http/Request))
#25 C:/Users/Dominic/Documents/Kuliah/Semester 4/Pemrograman Web Lanjut/pertemuan03/demo-pwl-a/vendor/laravel/framework/src/Illuminate/Routing/Router.php(821): Illuminate/Pipeline/Pipeline->then(Object(Closure))
#26 C:/Users/Dominic/Documents/Kuliah/Semester 4/Pemrograman Web Lanjut/pertemuan03/demo-pwl-a/vendor/laravel/framework/src/Illuminate/Routing/Router.php(800): Illuminate/Routing/Router->runRouteWithinStack(Object(Illuminate/Routing/Route), Object(Illuminate/Http/Request))
#27 C:/Users/Dominic/Documents/Kuliah/Semester 4/Pemrograman Web Lanjut/pertemuan03/demo-pwl-a/vendor/laravel/framework/src/Illuminate/Routing/Router.php(764): Illuminate/Routing/Router->runRoute(Object(Illuminate/Http/Request), Object(Illuminate/Routing/Route))
#28 C:/Users/Dominic/Documents/Kuliah/Semester 4/Pemrograman Web Lanjut/pertemuan03/demo-pwl-a/vendor/laravel/framework/src/Illuminate/Routing/Router.php(753): Illuminate/Routing/Router->dispatchToRoute(Object(Illuminate/Http/Request))
#29 C:/Users/Dominic/Documents/Kuliah/Semester 4/Pemrograman Web Lanjut/pertemuan03/demo-pwl-a/vendor/laravel/framework/src/Illuminate/Foundation/Http/Kernel.php(200): Illuminate/Routing/Router->dispatch(Object(Illuminate/Http/Request))
#30 C:/Users/Dominic/Documents/Kuliah/Semester 4/Pemrograman Web Lanjut/pertemuan03/demo-pwl-a/vendor/laravel/framework/src/Illuminate/Pipeline/Pipeline.php(180): Illuminate/Foundation/Http/Kernel->Illuminate/Foundation/Http/{closure}(Object(Illuminate/Http/Request))
#31 C:/Users/Dominic/Documents/Kuliah/Semester 4/Pemrograman Web Lanjut/pertemuan03/demo-pwl-a/vendor/laravel/framework/src/Illuminate/Foundation/Http/Middleware/TransformsRequest.php(21): Illuminate/Pipeline/Pipeline->Illuminate/Pipeline/{closure}(Object(Illuminate/Http/Request))
#32 C:/Users/Dominic/Documents/Kuliah/Semester 4/Pemrograman Web Lanjut/pertemuan03/demo-pwl-a/vendor/laravel/framework/src/Illuminate/Foundation/Http/Middleware/ConvertEmptyStringsToNull.php(31): Illuminate/Foundation/Http/Middleware/TransformsRequest->handle(Object(Illuminate/Http/Request), Object(Closure))
#33 C:/Users/Dominic/Documents/Kuliah/Semester 4/Pemrograman Web Lanjut/pertemuan03/demo-pwl-a/vendor/laravel/framework/src/Illuminate/Pipeline/Pipeline.php(219): Illuminate/Foundation/Http/Middleware/ConvertEmptyStringsToNull->handle(Object(Illuminate/Http/Request), Object(Closure))
#34 C:/Users/Dominic/Documents/Kuliah/Semester 4/Pemrograman Web Lanjut/pertemuan03/demo-pwl-a/vendor/laravel/framework/src/Illuminate/Foundation/Http/Middleware/TransformsRequest.php(21): Illuminate/Pipeline/Pipeline->Illuminate/Pipeline/{closure}(Object(Illuminate/Http/Request))
#35 C:/Users/Dominic/Documents/Kuliah/Semester 4/Pemrograman Web Lanjut/pertemuan03/demo-pwl-a/vendor/laravel/framework/src/Illuminate/Foundation/Http/Middleware/TrimStrings.php(51): Illuminate/Foundation/Http/Middleware/TransformsRequest->handle(Object(Illuminate/Http/Request), Object(Closure))
#36 C:/Users/Dominic/Documents/Kuliah/Semester 4/Pemrograman Web Lanjut/pertemuan03/demo-pwl-a/vendor/laravel/framework/src/Illuminate/Pipeline/Pipeline.php(219): Illuminate/Foundation/Http/Middleware/TrimStrings->handle(Object(Illuminate/Http/Request), Object(Closure))
#37 C:/Users/Dominic/Documents/Kuliah/Semester 4/Pemrograman Web Lanjut/pertemuan03/demo-pwl-a/vendor/laravel/framework/src/Illuminate/Http/Middleware/ValidatePostSize.php(27): Illuminate/Pipeline/Pipeline->Illuminate/Pipeline/{closure}(Object(Illuminate/Http/Request))
#38 C:/Users/Dominic/Documents/Kuliah/Semester 4/Pemrograman Web Lanjut/pertemuan03/demo-pwl-a/vendor/laravel/framework/src/Illuminate/Pipeline/Pipeline.php(219): Illuminate/Http/Middleware/ValidatePostSize->handle(Object(Illuminate/Http/Request), Object(Closure))
#39 C:/Users/Dominic/Documents/Kuliah/Semester 4/Pemrograman Web Lanjut/pertemuan03/demo-pwl-a/vendor/laravel/framework/src/Illuminate/Foundation/Http/Middleware/PreventRequestsDuringMaintenance.php(109): Illuminate/Pipeline/Pipeline->Illuminate/Pipeline/{closure}(Object(Illuminate/Http/Request))
#40 C:/Users/Dominic/Documents/Kuliah/Semester 4/Pemrograman Web Lanjut/pertemuan03/demo-pwl-a/vendor/laravel/framework/src/Illuminate/Pipeline/Pipeline.php(219): Illuminate/Foundation/Http/Middleware/PreventRequestsDuringMaintenance->handle(Object(Illuminate/Http/Request), Object(Closure))
#41 C:/Users/Dominic/Documents/Kuliah/Semester 4/Pemrograman Web Lanjut/pertemuan03/demo-pwl-a/vendor/laravel/framework/src/Illuminate/Http/Middleware/HandleCors.php(61): Illuminate/Pipeline/Pipeline->Illuminate/Pipeline/{closure}(Object(Illuminate/Http/Request))
#42 C:/Users/Dominic/Documents/Kuliah/Semester 4/Pemrograman Web Lanjut/pertemuan03/demo-pwl-a/vendor/laravel/framework/src/Illuminate/Pipeline/Pipeline.php(219): Illuminate/Http/Middleware/HandleCors->handle(Object(Illuminate/Http/Request), Object(Closure))
#43 C:/Users/Dominic/Documents/Kuliah/Semester 4/Pemrograman Web Lanjut/pertemuan03/demo-pwl-a/vendor/laravel/framework/src/Illuminate/Http/Middleware/TrustProxies.php(58): Illuminate/Pipeline/Pipeline->Illuminate/Pipeline/{closure}(Object(Illuminate/Http/Request))
#44 C:/Users/Dominic/Documents/Kuliah/Semester 4/Pemrograman Web Lanjut/pertemuan03/demo-pwl-a/vendor/laravel/framework/src/Illuminate/Pipeline/Pipeline.php(219): Illuminate/Http/Middleware/TrustProxies->handle(Object(Illuminate/Http/Request), Object(Closure))
#45 C:/Users/Dominic/Documents/Kuliah/Semester 4/Pemrograman Web Lanjut/pertemuan03/demo-pwl-a/vendor/laravel/framework/src/Illuminate/Foundation/Http/Middleware/InvokeDeferredCallbacks.php(22): Illuminate/Pipeline/Pipeline->Illuminate/Pipeline/{closure}(Object(Illuminate/Http/Request))
#46 C:/Users/Dominic/Documents/Kuliah/Semester 4/Pemrograman Web Lanjut/pertemuan03/demo-pwl-a/vendor/laravel/framework/src/Illuminate/Pipeline/Pipeline.php(219): Illuminate/Foundation/Http/Middleware/InvokeDeferredCallbacks->handle(Object(Illuminate/Http/Request), Object(Closure))
#47 C:/Users/Dominic/Documents/Kuliah/Semester 4/Pemrograman Web Lanjut/pertemuan03/demo-pwl-a/vendor/laravel/framework/src/Illuminate/Http/Middleware/ValidatePathEncoding.php(26): Illuminate/Pipeline/Pipeline->Illuminate/Pipeline/{closure}(Object(Illuminate/Http/Request))
#48 C:/Users/Dominic/Documents/Kuliah/Semester 4/Pemrograman Web Lanjut/pertemuan03/demo-pwl-a/vendor/laravel/framework/src/Illuminate/Pipeline/Pipeline.php(219): Illuminate/Http/Middleware/ValidatePathEncoding->handle(Object(Illuminate/Http/Request), Object(Closure))
#49 C:/Users/Dominic/Documents/Kuliah/Semester 4/Pemrograman Web Lanjut/pertemuan03/demo-pwl-a/vendor/laravel/framework/src/Illuminate/Pipeline/Pipeline.php(137): Illuminate/Pipeline/Pipeline->Illuminate/Pipeline/{closure}(Object(Illuminate/Http/Request))
#50 C:/Users/Dominic/Documents/Kuliah/Semester 4/Pemrograman Web Lanjut/pertemuan03/demo-pwl-a/vendor/laravel/framework/src/Illuminate/Foundation/Http/Kernel.php(175): Illuminate/Pipeline/Pipeline->then(Object(Closure))
#51 C:/Users/Dominic/Documents/Kuliah/Semester 4/Pemrograman Web Lanjut/pertemuan03/demo-pwl-a/vendor/laravel/framework/src/Illuminate/Foundation/Http/Kernel.php(144): Illuminate/Foundation/Http/Kernel->sendRequestThroughRouter(Object(Illuminate/Http/Request))
#52 C:/Users/Dominic/Documents/Kuliah/Semester 4/Pemrograman Web Lanjut/pertemuan03/demo-pwl-a/vendor/laravel/framework/src/Illuminate/Foundation/Application.php(1220): Illuminate/Foundation/Http/Kernel->handle(Object(Illuminate/Http/Request))
#53 C:/Users/Dominic/Documents/Kuliah/Semester 4/Pemrograman Web Lanjut/pertemuan03/demo-pwl-a/public/index.php(20): Illuminate/Foundation/Application->handleRequest(Object(Illuminate/Http/Request))
#54 C:/Users/Dominic/Documents/Kuliah/Semester 4/Pemrograman Web Lanjut/pertemuan03/demo-pwl-a/vendor/laravel/framework/src/Illuminate/Foundation/resources/server.php(23): require_once('C://Users//Domini...')
#55 {main}
"} 
